Tue Aug 07 2018 23:57:00 GMT+0200 (CEST) GET /help
Tue Aug 07 2018 23:59:54 GMT+0200 (CEST) GET /help
Tue Aug 07 2018 23:59:57 GMT+0200 (CEST) GET /
Wed Aug 08 2018 00:36:41 GMT+0200 (CEST) GET /
Wed Aug 08 2018 00:36:48 GMT+0200 (CEST) GET /projects
Wed Aug 08 2018 00:38:33 GMT+0200 (CEST) GET /projects
Wed Aug 08 2018 00:38:34 GMT+0200 (CEST) GET /projects
Wed Aug 08 2018 00:38:40 GMT+0200 (CEST) GET /projects
Wed Aug 08 2018 00:38:50 GMT+0200 (CEST) GET /
Wed Aug 08 2018 00:40:11 GMT+0200 (CEST) GET /
Wed Aug 08 2018 00:40:12 GMT+0200 (CEST) GET /
Wed Aug 08 2018 00:40:13 GMT+0200 (CEST) GET /
Wed Aug 08 2018 00:40:14 GMT+0200 (CEST) GET /
Wed Aug 08 2018 00:40:18 GMT+0200 (CEST) GET /
Wed Aug 08 2018 00:40:25 GMT+0200 (CEST) GET /
Wed Aug 08 2018 00:40:27 GMT+0200 (CEST) GET /about
Wed Aug 08 2018 00:40:30 GMT+0200 (CEST) GET /help
Wed Aug 08 2018 00:40:33 GMT+0200 (CEST) GET /help
Wed Aug 08 2018 00:41:56 GMT+0200 (CEST) GET /
Wed Aug 08 2018 00:42:02 GMT+0200 (CEST) GET /about
Wed Aug 08 2018 00:42:06 GMT+0200 (CEST) GET /help
Wed Aug 08 2018 00:42:08 GMT+0200 (CEST) GET /help
Wed Aug 08 2018 00:42:10 GMT+0200 (CEST) GET /help
Wed Aug 08 2018 00:43:12 GMT+0200 (CEST) GET /help
Wed Aug 08 2018 00:43:13 GMT+0200 (CEST) GET /help
Wed Aug 08 2018 00:43:14 GMT+0200 (CEST) GET /help
Wed Aug 08 2018 00:43:15 GMT+0200 (CEST) GET /help
Wed Aug 08 2018 00:43:15 GMT+0200 (CEST) GET /help
Wed Aug 08 2018 00:43:15 GMT+0200 (CEST) GET /help
Wed Aug 08 2018 00:43:16 GMT+0200 (CEST) GET /help
Wed Aug 08 2018 00:43:17 GMT+0200 (CEST) GET /help
Wed Aug 08 2018 00:43:22 GMT+0200 (CEST) GET /help
Wed Aug 08 2018 00:43:23 GMT+0200 (CEST) GET /about
Wed Aug 08 2018 00:43:28 GMT+0200 (CEST) GET /
Wed Aug 08 2018 00:43:31 GMT+0200 (CEST) GET /help
Wed Aug 08 2018 00:43:45 GMT+0200 (CEST) GET /help
Wed Aug 08 2018 00:43:47 GMT+0200 (CEST) GET /help
Wed Aug 08 2018 00:43:48 GMT+0200 (CEST) GET /about
Wed Aug 08 2018 00:43:50 GMT+0200 (CEST) GET /help
Wed Aug 08 2018 00:43:52 GMT+0200 (CEST) GET /help
Wed Aug 08 2018 00:44:13 GMT+0200 (CEST) GET /help
Wed Aug 08 2018 00:44:16 GMT+0200 (CEST) GET /
Wed Aug 08 2018 00:44:17 GMT+0200 (CEST) GET /projects
Wed Aug 08 2018 00:44:20 GMT+0200 (CEST) GET /help
Wed Aug 08 2018 00:44:21 GMT+0200 (CEST) GET /about
Wed Aug 08 2018 00:45:24 GMT+0200 (CEST) GET /about
Wed Aug 08 2018 00:45:27 GMT+0200 (CEST) GET /about
Wed Aug 08 2018 00:45:27 GMT+0200 (CEST) GET /about
Wed Aug 08 2018 00:45:34 GMT+0200 (CEST) GET /
Wed Aug 08 2018 00:45:36 GMT+0200 (CEST) GET /about
Wed Aug 08 2018 00:45:38 GMT+0200 (CEST) GET /
Wed Aug 08 2018 00:45:45 GMT+0200 (CEST) GET /
Wed Aug 08 2018 00:45:46 GMT+0200 (CEST) GET /maintenance
Wed Aug 08 2018 00:46:00 GMT+0200 (CEST) GET /maintenance
Wed Aug 08 2018 00:46:01 GMT+0200 (CEST) GET /help
Wed Aug 08 2018 00:46:02 GMT+0200 (CEST) GET /projects
Wed Aug 08 2018 00:46:03 GMT+0200 (CEST) GET /maintenance
Wed Aug 08 2018 00:46:03 GMT+0200 (CEST) GET /help
Wed Aug 08 2018 00:46:04 GMT+0200 (CEST) GET /projects
Wed Aug 08 2018 00:46:05 GMT+0200 (CEST) GET /maintenance
